{"contracts\\LimitlessCollection.sol":{"l":{"53":7,"54":7,"73":3,"74":3,"75":3,"76":3,"77":3,"81":0,"85":0,"89":0,"93":0,"97":0,"98":0,"102":0,"103":0,"105":0,"109":1,"110":1,"112":1,"116":1,"120":1,"121":1,"122":1,"124":1,"131":2,"133":2,"137":1,"141":2,"142":2,"146":2,"150":2,"155":2,"159":2,"160":2,"162":2,"164":2,"165":2,"167":2,"168":10,"170":2,"172":2,"176":1,"177":1,"178":1,"182":1,"183":1,"184":1,"186":1,"188":1,"189":1,"191":1,"199":1,"216":2,"217":2,"220":2,"228":1,"229":1,"239":1,"249":1,"256":7,"267":1,"268":1,"269":1,"270":5,"272":1},"path":"C:\\Blockchain\\personal\\NFT-EIP712\\contracts\\LimitlessCollection.sol","s":{"1":7,"2":0,"3":0,"4":0,"5":0,"6":1,"7":1,"8":1,"9":1,"10":1,"11":1,"12":1,"13":2,"14":2,"15":2,"16":2,"17":2,"18":2,"19":2,"20":2,"21":2,"22":2,"23":2,"24":2,"25":10,"26":2,"27":1,"28":1,"29":1,"30":1,"31":1,"32":1,"33":1,"34":1,"35":1,"36":1,"37":2,"38":2,"39":1,"40":1,"41":1,"42":1,"43":7,"44":1,"45":1,"46":1,"47":1},"b":{"1":[0,0],"2":[0,0],"3":[0,0],"4":[0,0],"5":[0,0],"6":[0,0],"7":[0,0],"8":[1,0],"9":[1,0],"10":[1,0],"11":[1,0],"12":[1,0],"13":[2,0],"14":[1,0],"15":[2,1],"16":[2,0],"17":[2,0],"18":[2,0],"19":[2,0],"20":[2,0],"21":[2,0],"22":[2,0],"23":[1,0],"24":[1,0],"25":[1,0],"26":[1,0],"27":[1,0],"28":[1,0],"29":[1,0],"30":[7,0],"31":[7,0]},"f":{"1":7,"2":3,"3":0,"4":0,"5":0,"6":0,"7":1,"8":1,"9":1,"10":2,"11":1,"12":2,"13":1,"14":1,"15":2,"16":1,"17":1,"18":1,"19":7,"20":1},"fnMap":{"1":{"name":"onlyOwnerOrAdmin","line":52,"loc":{"start":{"line":52,"column":4},"end":{"line":55,"column":4}}},"2":{"name":"constructor","line":72,"loc":{"start":{"line":64,"column":4},"end":{"line":78,"column":4}}},"3":{"name":"setAdmin","line":80,"loc":{"start":{"line":80,"column":4},"end":{"line":86,"column":4}}},"4":{"name":"setFeeAddress","line":88,"loc":{"start":{"line":88,"column":4},"end":{"line":94,"column":4}}},"5":{"name":"setFeePercentage","line":96,"loc":{"start":{"line":96,"column":4},"end":{"line":99,"column":4}}},"6":{"name":"setPuchaseLimitByWallet","line":101,"loc":{"start":{"line":101,"column":4},"end":{"line":106,"column":4}}},"7":{"name":"setPrice","line":108,"loc":{"start":{"line":108,"column":4},"end":{"line":113,"column":4}}},"8":{"name":"setBaseURI","line":115,"loc":{"start":{"line":115,"column":4},"end":{"line":117,"column":4}}},"9":{"name":"withdraw","line":119,"loc":{"start":{"line":119,"column":4},"end":{"line":125,"column":4}}},"10":{"name":"setDistributionPhase","line":129,"loc":{"start":{"line":127,"column":4},"end":{"line":134,"column":4}}},"11":{"name":"flipSaleState","line":136,"loc":{"start":{"line":136,"column":4},"end":{"line":138,"column":4}}},"12":{"name":"buyNFT","line":140,"loc":{"start":{"line":140,"column":4},"end":{"line":173,"column":4}}},"13":{"name":"redeem","line":175,"loc":{"start":{"line":175,"column":4},"end":{"line":192,"column":4}}},"14":{"name":"_hash","line":194,"loc":{"start":{"line":194,"column":4},"end":{"line":213,"column":4}}},"15":{"name":"getChainID","line":215,"loc":{"start":{"line":215,"column":4},"end":{"line":221,"column":4}}},"16":{"name":"_verify","line":223,"loc":{"start":{"line":223,"column":4},"end":{"line":230,"column":4}}},"17":{"name":"pause","line":238,"loc":{"start":{"line":238,"column":4},"end":{"line":240,"column":4}}},"18":{"name":"unpause","line":248,"loc":{"start":{"line":248,"column":4},"end":{"line":250,"column":4}}},"19":{"name":"_checkOwnerOrAdmin","line":255,"loc":{"start":{"line":255,"column":4},"end":{"line":260,"column":4}}},"20":{"name":"tokensOfWalletOwner","line":262,"loc":{"start":{"line":262,"column":4},"end":{"line":273,"column":4}}}},"statementMap":{"1":{"start":{"line":53,"column":8},"end":{"line":53,"column":27}},"2":{"start":{"line":81,"column":8},"end":{"line":81,"column":2286}},"3":{"start":{"line":89,"column":8},"end":{"line":89,"column":2516}},"4":{"start":{"line":97,"column":8},"end":{"line":97,"column":75}},"5":{"start":{"line":105,"column":8},"end":{"line":105,"column":46}},"6":{"start":{"line":109,"column":8},"end":{"line":109,"column":61}},"7":{"start":{"line":112,"column":8},"end":{"line":112,"column":28}},"8":{"start":{"line":116,"column":8},"end":{"line":116,"column":30}},"9":{"start":{"line":120,"column":8},"end":{"line":120,"column":47}},"10":{"start":{"line":121,"column":8},"end":{"line":121,"column":62}},"11":{"start":{"line":122,"column":8},"end":{"line":122,"column":49}},"12":{"start":{"line":124,"column":8},"end":{"line":124,"column":23}},"13":{"start":{"line":133,"column":8},"end":{"line":133,"column":41}},"14":{"start":{"line":141,"column":8},"end":{"line":141,"column":63}},"15":{"start":{"line":142,"column":8},"end":{"line":142,"column":4135}},"16":{"start":{"line":146,"column":8},"end":{"line":146,"column":4277}},"17":{"start":{"line":150,"column":8},"end":{"line":150,"column":4401}},"18":{"start":{"line":155,"column":8},"end":{"line":155,"column":4600}},"19":{"start":{"line":159,"column":8},"end":{"line":159,"column":53}},"20":{"start":{"line":160,"column":8},"end":{"line":160,"column":73}},"21":{"start":{"line":162,"column":8},"end":{"line":162,"column":60}},"22":{"start":{"line":164,"column":8},"end":{"line":164,"column":63}},"23":{"start":{"line":165,"column":8},"end":{"line":165,"column":49}},"24":{"start":{"line":167,"column":8},"end":{"line":167,"column":5066}},"25":{"start":{"line":168,"column":12},"end":{"line":168,"column":28}},"26":{"start":{"line":172,"column":8},"end":{"line":172,"column":35}},"27":{"start":{"line":176,"column":8},"end":{"line":176,"column":41}},"28":{"start":{"line":177,"column":8},"end":{"line":177,"column":43}},"29":{"start":{"line":178,"column":8},"end":{"line":178,"column":5499}},"30":{"start":{"line":182,"column":8},"end":{"line":182,"column":61}},"31":{"start":{"line":183,"column":8},"end":{"line":183,"column":78}},"32":{"start":{"line":184,"column":8},"end":{"line":184,"column":57}},"33":{"start":{"line":186,"column":8},"end":{"line":186,"column":70}},"34":{"start":{"line":188,"column":8},"end":{"line":188,"column":24}},"35":{"start":{"line":191,"column":8},"end":{"line":191,"column":28}},"36":{"start":{"line":199,"column":8},"end":{"line":199,"column":6167}},"37":{"start":{"line":216,"column":8},"end":{"line":216,"column":18}},"38":{"start":{"line":220,"column":8},"end":{"line":220,"column":17}},"39":{"start":{"line":228,"column":8},"end":{"line":228,"column":39}},"40":{"start":{"line":229,"column":8},"end":{"line":229,"column":55}},"41":{"start":{"line":239,"column":8},"end":{"line":239,"column":15}},"42":{"start":{"line":249,"column":8},"end":{"line":249,"column":17}},"43":{"start":{"line":256,"column":8},"end":{"line":256,"column":7641}},"44":{"start":{"line":267,"column":8},"end":{"line":267,"column":46}},"45":{"start":{"line":268,"column":8},"end":{"line":268,"column":60}},"46":{"start":{"line":269,"column":8},"end":{"line":269,"column":8029}},"47":{"start":{"line":272,"column":8},"end":{"line":272,"column":24}}},"branchMap":{"1":{"line":80,"type":"if","locations":[{"start":{"line":80,"column":45},"end":{"line":80,"column":45}},{"start":{"line":80,"column":45},"end":{"line":80,"column":45}}]},"2":{"line":81,"type":"if","locations":[{"start":{"line":81,"column":8},"end":{"line":81,"column":8}},{"start":{"line":81,"column":8},"end":{"line":81,"column":8}}]},"3":{"line":88,"type":"if","locations":[{"start":{"line":88,"column":55},"end":{"line":88,"column":55}},{"start":{"line":88,"column":55},"end":{"line":88,"column":55}}]},"4":{"line":89,"type":"if","locations":[{"start":{"line":89,"column":8},"end":{"line":89,"column":8}},{"start":{"line":89,"column":8},"end":{"line":89,"column":8}}]},"5":{"line":96,"type":"if","locations":[{"start":{"line":96,"column":61},"end":{"line":96,"column":61}},{"start":{"line":96,"column":61},"end":{"line":96,"column":61}}]},"6":{"line":97,"type":"if","locations":[{"start":{"line":97,"column":8},"end":{"line":97,"column":8}},{"start":{"line":97,"column":8},"end":{"line":97,"column":8}}]},"7":{"line":101,"type":"if","locations":[{"start":{"line":101,"column":62},"end":{"line":101,"column":62}},{"start":{"line":101,"column":62},"end":{"line":101,"column":62}}]},"8":{"line":108,"type":"if","locations":[{"start":{"line":108,"column":46},"end":{"line":108,"column":46}},{"start":{"line":108,"column":46},"end":{"line":108,"column":46}}]},"9":{"line":109,"type":"if","locations":[{"start":{"line":109,"column":8},"end":{"line":109,"column":8}},{"start":{"line":109,"column":8},"end":{"line":109,"column":8}}]},"10":{"line":115,"type":"if","locations":[{"start":{"line":115,"column":57},"end":{"line":115,"column":57}},{"start":{"line":115,"column":57},"end":{"line":115,"column":57}}]},"11":{"line":119,"type":"if","locations":[{"start":{"line":119,"column":31},"end":{"line":119,"column":31}},{"start":{"line":119,"column":31},"end":{"line":119,"column":31}}]},"12":{"line":122,"type":"if","locations":[{"start":{"line":122,"column":8},"end":{"line":122,"column":8}},{"start":{"line":122,"column":8},"end":{"line":122,"column":8}}]},"13":{"line":129,"type":"if","locations":[{"start":{"line":129,"column":8},"end":{"line":129,"column":8}},{"start":{"line":129,"column":8},"end":{"line":129,"column":8}}]},"14":{"line":136,"type":"if","locations":[{"start":{"line":136,"column":36},"end":{"line":136,"column":36}},{"start":{"line":136,"column":36},"end":{"line":136,"column":36}}]},"15":{"line":140,"type":"if","locations":[{"start":{"line":140,"column":59},"end":{"line":140,"column":59}},{"start":{"line":140,"column":59},"end":{"line":140,"column":59}}]},"16":{"line":141,"type":"if","locations":[{"start":{"line":141,"column":8},"end":{"line":141,"column":8}},{"start":{"line":141,"column":8},"end":{"line":141,"column":8}}]},"17":{"line":142,"type":"if","locations":[{"start":{"line":142,"column":8},"end":{"line":142,"column":8}},{"start":{"line":142,"column":8},"end":{"line":142,"column":8}}]},"18":{"line":146,"type":"if","locations":[{"start":{"line":146,"column":8},"end":{"line":146,"column":8}},{"start":{"line":146,"column":8},"end":{"line":146,"column":8}}]},"19":{"line":150,"type":"if","locations":[{"start":{"line":150,"column":8},"end":{"line":150,"column":8}},{"start":{"line":150,"column":8},"end":{"line":150,"column":8}}]},"20":{"line":155,"type":"if","locations":[{"start":{"line":155,"column":8},"end":{"line":155,"column":8}},{"start":{"line":155,"column":8},"end":{"line":155,"column":8}}]},"21":{"line":160,"type":"if","locations":[{"start":{"line":160,"column":8},"end":{"line":160,"column":8}},{"start":{"line":160,"column":8},"end":{"line":160,"column":8}}]},"22":{"line":165,"type":"if","locations":[{"start":{"line":165,"column":8},"end":{"line":165,"column":8}},{"start":{"line":165,"column":8},"end":{"line":165,"column":8}}]},"23":{"line":178,"type":"if","locations":[{"start":{"line":178,"column":8},"end":{"line":178,"column":8}},{"start":{"line":178,"column":8},"end":{"line":178,"column":8}}]},"24":{"line":182,"type":"if","locations":[{"start":{"line":182,"column":8},"end":{"line":182,"column":8}},{"start":{"line":182,"column":8},"end":{"line":182,"column":8}}]},"25":{"line":183,"type":"if","locations":[{"start":{"line":183,"column":8},"end":{"line":183,"column":8}},{"start":{"line":183,"column":8},"end":{"line":183,"column":8}}]},"26":{"line":184,"type":"if","locations":[{"start":{"line":184,"column":8},"end":{"line":184,"column":8}},{"start":{"line":184,"column":8},"end":{"line":184,"column":8}}]},"27":{"line":186,"type":"if","locations":[{"start":{"line":186,"column":8},"end":{"line":186,"column":8}},{"start":{"line":186,"column":8},"end":{"line":186,"column":8}}]},"28":{"line":238,"type":"if","locations":[{"start":{"line":238,"column":28},"end":{"line":238,"column":28}},{"start":{"line":238,"column":28},"end":{"line":238,"column":28}}]},"29":{"line":248,"type":"if","locations":[{"start":{"line":248,"column":30},"end":{"line":248,"column":30}},{"start":{"line":248,"column":30},"end":{"line":248,"column":30}}]},"30":{"line":256,"type":"if","locations":[{"start":{"line":256,"column":8},"end":{"line":256,"column":8}},{"start":{"line":256,"column":8},"end":{"line":256,"column":8}}]},"31":{"line":257,"type":"cond-expr","locations":[{"start":{"line":257,"column":12},"end":{"line":257,"column":36}},{"start":{"line":257,"column":41},"end":{"line":257,"column":63}}]}}},"contracts\\NFTBase.sol":{"l":{"45":6,"49":1,"56":6,"59":6,"62":6,"63":0,"66":6,"80":11,"81":11,"90":11,"102":1},"path":"C:\\Blockchain\\personal\\NFT-EIP712\\contracts\\NFTBase.sol","s":{"1":6,"2":6,"3":6,"4":6,"5":0,"6":6,"7":11,"8":11,"9":11,"10":1},"b":{"1":[6,0],"2":[0,6]},"f":{"1":3,"2":6,"3":1,"4":6,"5":11,"6":11,"7":1},"fnMap":{"1":{"name":"constructor","line":42,"loc":{"start":{"line":39,"column":4},"end":{"line":42,"column":29}}},"2":{"name":"_baseURI","line":44,"loc":{"start":{"line":44,"column":4},"end":{"line":46,"column":4}}},"3":{"name":"_setBaseURI","line":48,"loc":{"start":{"line":48,"column":4},"end":{"line":50,"column":4}}},"4":{"name":"tokenURI","line":55,"loc":{"start":{"line":55,"column":5},"end":{"line":67,"column":4}}},"5":{"name":"_mint","line":77,"loc":{"start":{"line":77,"column":4},"end":{"line":82,"column":4}}},"6":{"name":"_beforeTokenTransfer","line":84,"loc":{"start":{"line":84,"column":4},"end":{"line":91,"column":4}}},"7":{"name":"supportsInterface","line":96,"loc":{"start":{"line":96,"column":4},"end":{"line":103,"column":4}}}},"statementMap":{"1":{"start":{"line":45,"column":8},"end":{"line":45,"column":28}},"2":{"start":{"line":56,"column":8},"end":{"line":56,"column":83}},"3":{"start":{"line":59,"column":8},"end":{"line":59,"column":39}},"4":{"start":{"line":62,"column":8},"end":{"line":62,"column":1988}},"5":{"start":{"line":63,"column":12},"end":{"line":63,"column":37}},"6":{"start":{"line":66,"column":8},"end":{"line":66,"column":74}},"7":{"start":{"line":80,"column":8},"end":{"line":80,"column":47}},"8":{"start":{"line":81,"column":8},"end":{"line":81,"column":34}},"9":{"start":{"line":90,"column":8},"end":{"line":90,"column":63}},"10":{"start":{"line":102,"column":8},"end":{"line":102,"column":51}}},"branchMap":{"1":{"line":56,"type":"if","locations":[{"start":{"line":56,"column":8},"end":{"line":56,"column":8}},{"start":{"line":56,"column":8},"end":{"line":56,"column":8}}]},"2":{"line":62,"type":"if","locations":[{"start":{"line":62,"column":8},"end":{"line":62,"column":8}},{"start":{"line":62,"column":8},"end":{"line":62,"column":8}}]}}}}